build/outputs/logs/manifest-merger-debug-report.txt
-- Merging decision tree log ---
manifest
ADDED from Android/Iswtmv102/AndroidManifest.xml:2:1-382:12
	package
		ADDED from Android/Iswtmv102/AndroidManifest.xml:3:11-39
		INJECTED from Android/Iswtmv102/AndroidManifest.xml
		INJECTED from Android/Iswtmv102/AndroidManifest.xml
	android:versionName
		ADDED from Android/Iswtmv102/AndroidManifest.xml:6:11-38
		INJECTED from Android/Iswtmv102/AndroidManifest.xml
		INJECTED from Android/Iswtmv102/AndroidManifest.xml
	android:versionCode
		ADDED from Android/Iswtmv102/AndroidManifest.xml:5:11-35
		INJECTED from Android/Iswtmv102/AndroidManifest.xml
		INJECTED from Android/Iswtmv102/AndroidManifest.xml
	xmlns:android
		ADDED from Android/Iswtmv102/AndroidManifest.xml:2:11-69
	android:installLocation
		ADDED from Android/Iswtmv102/AndroidManifest.xml:4:11-41
uses-sdk
ADDED from Android/Iswtmv102/AndroidManifest.xml:8:5-73
MERGED from [Iswtmv102:commonLib:unspecified] AndroidManifest.xml:7:5-9:41
MERGED from [com.jakewharton:butterknife:8.4.0] AndroidManifest.xml:5:5-43
MERGED from [com.android.support:appcompat-v7:19.0.1] AndroidManifest.xml:18:5-42
	android:targetSdkVersion
		ADDED from Android/Iswtmv102/AndroidManifest.xml:8:42-71
		INJECTED from Android/Iswtmv102/AndroidManifest.xml
		INJECTED from Android/Iswtmv102/AndroidManifest.xml
	android:minSdkVersion
		ADDED from Android/Iswtmv102/AndroidManifest.xml:8:15-41
		INJECTED from Android/Iswtmv102/AndroidManifest.xml
		INJECTED from Android/Iswtmv102/AndroidManifest.xml
uses-permission#android.permission.BLUETOOTH_ADMIN
ADDED from Android/Iswtmv102/AndroidManifest.xml:11:5-73
	android:name
		ADDED from Android/Iswtmv102/AndroidManifest.xml:11:22-71
uses-permission#android.permission.BLUETOOTH
ADDED from Android/Iswtmv102/AndroidManifest.xml:12:5-67
	android:name
		ADDED from Android/Iswtmv102/AndroidManifest.xml:12:22-65
uses-permission#android.permission.MOUNT_UNMOUNT_FILESYSTEMS
ADDED from Android/Iswtmv102/AndroidManifest.xml:13:5-83
	android:name
		ADDED from Android/Iswtmv102/AndroidManifest.xml:13:22-81
uses-permission#android.permission.WRITE_EXTERNAL_STORAGE
ADDED from Android/Iswtmv102/AndroidManifest.xml:14:5-80
	android:name
		ADDED from Android/Iswtmv102/AndroidManifest.xml:14:22-78
uses-permission#android.permission.RECEIVE_BOOT_COMPLETED
ADDED from Android/Iswtmv102/AndroidManifest.xml:15:5-80
	android:name
		ADDED from Android/Iswtmv102/AndroidManifest.xml:15:22-78
uses-permission#android.permission.INTERNET
ADDED from Android/Iswtmv102/AndroidManifest.xml:16:5-66
	android:name
		ADDED from Android/Iswtmv102/AndroidManifest.xml:16:22-64
uses-permission#android.permission.ACCESS_WIFI_STATE
ADDED from Android/Iswtmv102/AndroidManifest.xml:17:5-75
	android:name
		ADDED from Android/Iswtmv102/AndroidManifest.xml:17:22-73
uses-permission#android.permission.RESTART_PACKAGES
ADDED from Android/Iswtmv102/AndroidManifest.xml:18:5-74
	android:name
		ADDED from Android/Iswtmv102/AndroidManifest.xml:18:22-72
uses-permission#android.permission.GET_TASKS
ADDED from Android/Iswtmv102/AndroidManifest.xml:19:5-67
	android:name
		ADDED from Android/Iswtmv102/AndroidManifest.xml:19:22-65
uses-permission#android.permission.WRITE_SETTINGS
ADDED from Android/Iswtmv102/AndroidManifest.xml:20:5-72
	android:name
		ADDED from Android/Iswtmv102/AndroidManifest.xml:20:22-70
uses-permission#android.permission.ACCESS_NETWORK_STATE
ADDED from Android/Iswtmv102/AndroidManifest.xml:21:5-78
	android:name
		ADDED from Android/Iswtmv102/AndroidManifest.xml:21:22-76
uses-permission#android.permission.ACCESS_FINE_LOCATION
ADDED from Android/Iswtmv102/AndroidManifest.xml:22:5-78
	android:name
		ADDED from Android/Iswtmv102/AndroidManifest.xml:22:22-76
uses-permission#android.permission.DISABLE_KEYGUARD
ADDED from Android/Iswtmv102/AndroidManifest.xml:24:5-74
	android:name
		ADDED from Android/Iswtmv102/AndroidManifest.xml:24:22-72
uses-permission#android.permission.READ_PHONE_STATE
ADDED from Android/Iswtmv102/AndroidManifest.xml:27:5-74
	android:name
		ADDED from Android/Iswtmv102/AndroidManifest.xml:27:22-72
uses-permission#android.permission.READ_EXTERNAL_STORAGE
ADDED from Android/Iswtmv102/AndroidManifest.xml:28:5-79
	android:name
		ADDED from Android/Iswtmv102/AndroidManifest.xml:28:22-77
application
ADDED from Android/Iswtmv102/AndroidManifest.xml:30:5-380:19
MERGED from [Iswtmv102:commonLib:unspecified] AndroidManifest.xml:11:5-16:19
MERGED from [com.android.support:appcompat-v7:19.0.1] AndroidManifest.xml:19:5-20
	android:screenOrientation
		ADDED from Android/Iswtmv102/AndroidManifest.xml:33:9-45
	android:label
		ADDED from Android/Iswtmv102/AndroidManifest.xml:34:9-41
	android:allowBackup
		ADDED from Android/Iswtmv102/AndroidManifest.xml:32:9-35
	android:icon
		ADDED from [Iswtmv102:commonLib:unspecified] AndroidManifest.xml:13:9-45
	android:theme
		ADDED from [Iswtmv102:commonLib:unspecified] AndroidManifest.xml:15:9-40
	android:name
		ADDED from Android/Iswtmv102/AndroidManifest.xml:31:9-48
activity#com.icomp.Iswtmv10.v01c00.c00s000.C00S000_001Activity
ADDED from Android/Iswtmv102/AndroidManifest.xml:37:9-41:79
	android:screenOrientation
		ADDED from Android/Iswtmv102/AndroidManifest.xml:40:13-49
	android:label
		ADDED from Android/Iswtmv102/AndroidManifest.xml:39:13-45
	android:theme
		ADDED from Android/Iswtmv102/AndroidManifest.xml:41:13-77
	android:name
		ADDED from Android/Iswtmv102/AndroidManifest.xml:38:13-63
activity#com.icomp.Iswtmv10.v01c00.c00s000.C00S000_002Activity
ADDED from Android/Iswtmv102/AndroidManifest.xml:42:9-47:79
	android:screenOrientation
		ADDED from Android/Iswtmv102/AndroidManifest.xml:46:13-49
	android:label
		ADDED from Android/Iswtmv102/AndroidManifest.xml:44:13-45
	android:launchMode
		ADDED from Android/Iswtmv102/AndroidManifest.xml:45:13-44
	android:theme
		ADDED from Android/Iswtmv102/AndroidManifest.xml:47:13-77
	android:name
		ADDED from Android/Iswtmv102/AndroidManifest.xml:43:13-63
activity#com.icomp.Iswtmv10.v01c00.c00s000.C00S000_003Activity
ADDED from Android/Iswtmv102/AndroidManifest.xml:48:9-54:20
	android:screenOrientation
		ADDED from Android/Iswtmv102/AndroidManifest.xml:52:13-49
	android:label
		ADDED from Android/Iswtmv102/AndroidManifest.xml:50:13-45
	android:launchMode
		ADDED from Android/Iswtmv102/AndroidManifest.xml:51:13-44
	android:theme
		ADDED from Android/Iswtmv102/AndroidManifest.xml:53:13-77
	android:name
		ADDED from Android/Iswtmv102/AndroidManifest.xml:49:13-63
activity#com.icomp.Iswtmv10.v01c00.c00s000.C00S000_004Activity
ADDED from Android/Iswtmv102/AndroidManifest.xml:55:9-59:79
	android:screenOrientation
		ADDED from Android/Iswtmv102/AndroidManifest.xml:58:13-49
	android:label
		ADDED from Android/Iswtmv102/AndroidManifest.xml:57:13-45
	android:theme
		ADDED from Android/Iswtmv102/AndroidManifest.xml:59:13-77
	android:name
		ADDED from Android/Iswtmv102/AndroidManifest.xml:56:13-63
activity#com.icomp.Iswtmv10.v01c00.c00s000.C00S000_000Activity
ADDED from Android/Iswtmv102/AndroidManifest.xml:62:9-73:20
	android:screenOrientation
		ADDED from Android/Iswtmv102/AndroidManifest.xml:66:13-49
	android:label
		ADDED from Android/Iswtmv102/AndroidManifest.xml:64:13-45
	android:exported
		ADDED from Android/Iswtmv102/AndroidManifest.xml:67:13-36
	android:theme
		ADDED from Android/Iswtmv102/AndroidManifest.xml:65:13-77
	android:name
		ADDED from Android/Iswtmv102/AndroidManifest.xml:63:13-63
intent-filter#android.intent.action.MAIN+android.intent.category.LAUNCHER
ADDED from Android/Iswtmv102/AndroidManifest.xml:68:13-72:29
action#android.intent.action.MAIN
ADDED from Android/Iswtmv102/AndroidManifest.xml:69:17-68
	android:name
		ADDED from Android/Iswtmv102/AndroidManifest.xml:69:25-66
category#android.intent.category.LAUNCHER
ADDED from Android/Iswtmv102/AndroidManifest.xml:71:17-76
	android:name
		ADDED from Android/Iswtmv102/AndroidManifest.xml:71:27-74
receiver#com.icomp.Iswtmv10.v01c00.c00s000.BootBroadcastReceiver
ADDED from Android/Iswtmv102/AndroidManifest.xml:75:9-81:20
	android:name
		ADDED from Android/Iswtmv102/AndroidManifest.xml:75:19-71
intent-filter#android.intent.action.BOOT_COMPLETED+android.intent.category.HOME
ADDED from Android/Iswtmv102/AndroidManifest.xml:76:13-80:29
action#android.intent.action.BOOT_COMPLETED
ADDED from Android/Iswtmv102/AndroidManifest.xml:77:17-78
	android:name
		ADDED from Android/Iswtmv102/AndroidManifest.xml:77:25-76
category#android.intent.category.HOME
ADDED from Android/Iswtmv102/AndroidManifest.xml:79:17-72
	android:name
		ADDED from Android/Iswtmv102/AndroidManifest.xml:79:27-70
meta-data#UMENG_APPKEY
ADDED from Android/Iswtmv102/AndroidManifest.xml:83:9-85:55
	android:value
		ADDED from Android/Iswtmv102/AndroidManifest.xml:85:13-53
	android:name
		ADDED from Android/Iswtmv102/AndroidManifest.xml:84:13-40
activity#com.icomp.Iswtmv10.v01c01.c01s001.c01s001_002Activity
ADDED from Android/Iswtmv102/AndroidManifest.xml:87:9-90:20
	android:theme
		ADDED from Android/Iswtmv102/AndroidManifest.xml:89:13-77
	android:name
		ADDED from Android/Iswtmv102/AndroidManifest.xml:88:13-63
activity#com.icomp.Iswtmv10.v01c02.c02s001.C02S001_001Activity
ADDED from Android/Iswtmv102/AndroidManifest.xml:94:9-97:79
	android:label
		ADDED from Android/Iswtmv102/AndroidManifest.xml:96:13-45
	android:theme
		ADDED from Android/Iswtmv102/AndroidManifest.xml:97:13-77
	android:name
		ADDED from Android/Iswtmv102/AndroidManifest.xml:95:13-63
activity#com.icomp.Iswtmv10.v01c02.c02s002.C02S002_001Activity
ADDED from Android/Iswtmv102/AndroidManifest.xml:100:9-103:79
	android:label
		ADDED from Android/Iswtmv102/AndroidManifest.xml:102:13-45
	android:theme
		ADDED from Android/Iswtmv102/AndroidManifest.xml:103:13-77
	android:name
		ADDED from Android/Iswtmv102/AndroidManifest.xml:101:13-63
activity#com.icomp.Iswtmv10.v01c03.c03s000.C03S000_001Activity
ADDED from Android/Iswtmv102/AndroidManifest.xml:110:9-114:79
	android:screenOrientation
		ADDED from Android/Iswtmv102/AndroidManifest.xml:113:13-49
	android:label
		ADDED from Android/Iswtmv102/AndroidManifest.xml:112:13-45
	android:theme
		ADDED from Android/Iswtmv102/AndroidManifest.xml:114:13-77
	android:name
		ADDED from Android/Iswtmv102/AndroidManifest.xml:111:13-63
activity#com.icomp.Iswtmv10.v01c03.c03s000.C03S000_002Activity
ADDED from Android/Iswtmv102/AndroidManifest.xml:117:9-121:79
	android:screenOrientation
		ADDED from Android/Iswtmv102/AndroidManifest.xml:120:13-49
	android:label
		ADDED from Android/Iswtmv102/AndroidManifest.xml:119:13-45
	android:theme
		ADDED from Android/Iswtmv102/AndroidManifest.xml:121:13-77
	android:name
		ADDED from Android/Iswtmv102/AndroidManifest.xml:118:13-63
activity#com.icomp.Iswtmv10.v01c03.c03s000.C03S000_003Activity
ADDED from Android/Iswtmv102/AndroidManifest.xml:124:9-128:79
	android:screenOrientation
		ADDED from Android/Iswtmv102/AndroidManifest.xml:127:13-49
	android:label
		ADDED from Android/Iswtmv102/AndroidManifest.xml:126:13-45
	android:theme
		ADDED from Android/Iswtmv102/AndroidManifest.xml:128:13-77
	android:name
		ADDED from Android/Iswtmv102/AndroidManifest.xml:125:13-63
activity#com.icomp.Iswtmv10.v01c01.c01s004.c01s004_003Activity
ADDED from Android/Iswtmv102/AndroidManifest.xml:134:9-138:20
	android:screenOrientation
		ADDED from Android/Iswtmv102/AndroidManifest.xml:136:17-53
	android:theme
		ADDED from Android/Iswtmv102/AndroidManifest.xml:137:17-81
	android:name
		ADDED from Android/Iswtmv102/AndroidManifest.xml:135:17-67
activity#com.icomp.Iswtmv10.v01c01.c01s004.c01s004_004Activity
ADDED from Android/Iswtmv102/AndroidManifest.xml:139:9-143:20
	android:screenOrientation
		ADDED from Android/Iswtmv102/AndroidManifest.xml:141:17-53
	android:theme
		ADDED from Android/Iswtmv102/AndroidManifest.xml:142:17-81
	android:name
		ADDED from Android/Iswtmv102/AndroidManifest.xml:140:17-67
activity#com.icomp.Iswtmv10.v01c01.c01s007.C01S007_001Activity
ADDED from Android/Iswtmv102/AndroidManifest.xml:146:9-150:20
	android:screenOrientation
		ADDED from Android/Iswtmv102/AndroidManifest.xml:148:17-53
	android:theme
		ADDED from Android/Iswtmv102/AndroidManifest.xml:149:17-81
	android:name
		ADDED from Android/Iswtmv102/AndroidManifest.xml:147:17-67
activity#com.icomp.Iswtmv10.v01c01.c01s015.C01S015_001Activity
ADDED from Android/Iswtmv102/AndroidManifest.xml:153:9-156:83
	android:screenOrientation
		ADDED from Android/Iswtmv102/AndroidManifest.xml:155:17-53
	android:theme
		ADDED from Android/Iswtmv102/AndroidManifest.xml:156:17-81
	android:name
		ADDED from Android/Iswtmv102/AndroidManifest.xml:154:17-67
activity#com.icomp.Iswtmv10.v01c01.c01s015.C01S015_003Activity
ADDED from Android/Iswtmv102/AndroidManifest.xml:157:9-160:83
	android:screenOrientation
		ADDED from Android/Iswtmv102/AndroidManifest.xml:159:17-53
	android:theme
		ADDED from Android/Iswtmv102/AndroidManifest.xml:160:17-81
	android:name
		ADDED from Android/Iswtmv102/AndroidManifest.xml:158:17-67
activity#com.icomp.Iswtmv10.v01c01.c01s010.c01s010_002Activity
ADDED from Android/Iswtmv102/AndroidManifest.xml:163:9-167:20
	android:screenOrientation
		ADDED from Android/Iswtmv102/AndroidManifest.xml:165:17-53
	android:theme
		ADDED from Android/Iswtmv102/AndroidManifest.xml:166:17-81
	android:name
		ADDED from Android/Iswtmv102/AndroidManifest.xml:164:17-67
activity#com.icomp.Iswtmv10.v01c01.c01s010.c01s010_003Activity
ADDED from Android/Iswtmv102/AndroidManifest.xml:168:9-172:20
	android:screenOrientation
		ADDED from Android/Iswtmv102/AndroidManifest.xml:170:17-53
	android:theme
		ADDED from Android/Iswtmv102/AndroidManifest.xml:171:17-81
	android:name
		ADDED from Android/Iswtmv102/AndroidManifest.xml:169:17-67
activity#com.icomp.Iswtmv10.v01c01.c01s010.c01s010_004Activity
ADDED from Android/Iswtmv102/AndroidManifest.xml:173:9-177:20
	android:screenOrientation
		ADDED from Android/Iswtmv102/AndroidManifest.xml:175:17-53
	android:theme
		ADDED from Android/Iswtmv102/AndroidManifest.xml:176:17-81
	android:name
		ADDED from Android/Iswtmv102/AndroidManifest.xml:174:17-67
activity#com.icomp.Iswtmv10.v01c01.c01s008.C01S008_001Activity
ADDED from Android/Iswtmv102/AndroidManifest.xml:180:9-184:20
	android:screenOrientation
		ADDED from Android/Iswtmv102/AndroidManifest.xml:182:17-53
	android:theme
		ADDED from Android/Iswtmv102/AndroidManifest.xml:183:17-81
	android:name
		ADDED from Android/Iswtmv102/AndroidManifest.xml:181:17-67
activity#com.icomp.Iswtmv10.v01c01.c01s008.c01s008_002Activity
ADDED from Android/Iswtmv102/AndroidManifest.xml:185:9-189:20
	android:screenOrientation
		ADDED from Android/Iswtmv102/AndroidManifest.xml:187:17-53
	android:theme
		ADDED from Android/Iswtmv102/AndroidManifest.xml:188:17-81
	android:name
		ADDED from Android/Iswtmv102/AndroidManifest.xml:186:17-67
activity#com.icomp.Iswtmv10.v01c01.c01s008.c01s008_003Activity
ADDED from Android/Iswtmv102/AndroidManifest.xml:190:9-194:20
	android:screenOrientation
		ADDED from Android/Iswtmv102/AndroidManifest.xml:192:17-53
	android:theme
		ADDED from Android/Iswtmv102/AndroidManifest.xml:193:17-81
	android:name
		ADDED from Android/Iswtmv102/AndroidManifest.xml:191:17-67
activity#com.icomp.Iswtmv10.v01c01.c01s009.C01S009_001Activity
ADDED from Android/Iswtmv102/AndroidManifest.xml:197:9-200:20
	android:screenOrientation
		ADDED from Android/Iswtmv102/AndroidManifest.xml:198:19-55
	android:theme
		ADDED from Android/Iswtmv102/AndroidManifest.xml:199:19-83
	android:name
		ADDED from Android/Iswtmv102/AndroidManifest.xml:197:19-69
activity#com.icomp.Iswtmv10.v01c01.c01s009.C01S009_002Activity
ADDED from Android/Iswtmv102/AndroidManifest.xml:201:9-205:20
	android:screenOrientation
		ADDED from Android/Iswtmv102/AndroidManifest.xml:203:17-53
	android:theme
		ADDED from Android/Iswtmv102/AndroidManifest.xml:204:17-81
	android:name
		ADDED from Android/Iswtmv102/AndroidManifest.xml:202:17-67
activity#com.icomp.Iswtmv10.v01c01.c01s009.C01S009_003Activity
ADDED from Android/Iswtmv102/AndroidManifest.xml:206:9-209:20
	android:screenOrientation
		ADDED from Android/Iswtmv102/AndroidManifest.xml:207:19-55
	android:theme
		ADDED from Android/Iswtmv102/AndroidManifest.xml:208:19-83
	android:name
		ADDED from Android/Iswtmv102/AndroidManifest.xml:206:19-69
activity#com.icomp.Iswtmv10.v01c01.c01s011.C01S011_002Activity
ADDED from Android/Iswtmv102/AndroidManifest.xml:212:9-215:83
	android:screenOrientation
		ADDED from Android/Iswtmv102/AndroidManifest.xml:214:17-53
	android:theme
		ADDED from Android/Iswtmv102/AndroidManifest.xml:215:17-81
	android:name
		ADDED from Android/Iswtmv102/AndroidManifest.xml:213:17-67
activity#com.icomp.Iswtmv10.v01c01.c01s011.C01S011_003Activity
ADDED from Android/Iswtmv102/AndroidManifest.xml:216:9-219:83
	android:screenOrientation
		ADDED from Android/Iswtmv102/AndroidManifest.xml:218:17-53
	android:theme
		ADDED from Android/Iswtmv102/AndroidManifest.xml:219:17-81
	android:name
		ADDED from Android/Iswtmv102/AndroidManifest.xml:217:17-67
activity#com.icomp.Iswtmv10.v01c01.c01s013.C01S013_001Activity
ADDED from Android/Iswtmv102/AndroidManifest.xml:222:9-225:83
	android:screenOrientation
		ADDED from Android/Iswtmv102/AndroidManifest.xml:224:17-53
	android:theme
		ADDED from Android/Iswtmv102/AndroidManifest.xml:225:17-81
	android:name
		ADDED from Android/Iswtmv102/AndroidManifest.xml:223:17-67
activity#com.icomp.Iswtmv10.v01c01.c01s013.C01S013_002Activity
ADDED from Android/Iswtmv102/AndroidManifest.xml:226:9-229:83
	android:screenOrientation
		ADDED from Android/Iswtmv102/AndroidManifest.xml:228:17-53
	android:theme
		ADDED from Android/Iswtmv102/AndroidManifest.xml:229:17-81
	android:name
		ADDED from Android/Iswtmv102/AndroidManifest.xml:227:17-67
activity#com.icomp.Iswtmv10.v01c01.c01s013.C01S013_0021Activity
ADDED from Android/Iswtmv102/AndroidManifest.xml:230:9-233:83
	android:screenOrientation
		ADDED from Android/Iswtmv102/AndroidManifest.xml:232:17-53
	android:theme
		ADDED from Android/Iswtmv102/AndroidManifest.xml:233:17-81
	android:name
		ADDED from Android/Iswtmv102/AndroidManifest.xml:231:17-68
activity#com.icomp.Iswtmv10.v01c01.c01s013.C01S013_003Activity
ADDED from Android/Iswtmv102/AndroidManifest.xml:236:9-239:83
	android:screenOrientation
		ADDED from Android/Iswtmv102/AndroidManifest.xml:238:17-53
	android:theme
		ADDED from Android/Iswtmv102/AndroidManifest.xml:239:17-81
	android:name
		ADDED from Android/Iswtmv102/AndroidManifest.xml:237:17-67
activity#com.icomp.Iswtmv10.v01c01.c01s013.C01S013_004Activity
ADDED from Android/Iswtmv102/AndroidManifest.xml:240:9-243:83
	android:screenOrientation
		ADDED from Android/Iswtmv102/AndroidManifest.xml:242:17-53
	android:theme
		ADDED from Android/Iswtmv102/AndroidManifest.xml:243:17-81
	android:name
		ADDED from Android/Iswtmv102/AndroidManifest.xml:241:17-67
activity#com.icomp.Iswtmv10.v01c01.c01s018.C01S018_002Activity
ADDED from Android/Iswtmv102/AndroidManifest.xml:246:9-249:83
	android:screenOrientation
		ADDED from Android/Iswtmv102/AndroidManifest.xml:248:17-53
	android:theme
		ADDED from Android/Iswtmv102/AndroidManifest.xml:249:17-81
	android:name
		ADDED from Android/Iswtmv102/AndroidManifest.xml:247:17-67
activity#com.icomp.Iswtmv10.v01c01.c01s018.C01S018_003Activity
ADDED from Android/Iswtmv102/AndroidManifest.xml:250:9-253:83
	android:screenOrientation
		ADDED from Android/Iswtmv102/AndroidManifest.xml:252:17-53
	android:theme
		ADDED from Android/Iswtmv102/AndroidManifest.xml:253:17-81
	android:name
		ADDED from Android/Iswtmv102/AndroidManifest.xml:251:17-67
activity#com.icomp.Iswtmv10.v01c01.c01s018.C01S018_004Activity
ADDED from Android/Iswtmv102/AndroidManifest.xml:254:9-257:83
	android:screenOrientation
		ADDED from Android/Iswtmv102/AndroidManifest.xml:256:17-53
	android:theme
		ADDED from Android/Iswtmv102/AndroidManifest.xml:257:17-81
	android:name
		ADDED from Android/Iswtmv102/AndroidManifest.xml:255:17-67
activity#com.icomp.Iswtmv10.v01c01.c01s019.C01S019_000Activity
ADDED from Android/Iswtmv102/AndroidManifest.xml:260:9-263:83
	android:screenOrientation
		ADDED from Android/Iswtmv102/AndroidManifest.xml:262:17-53
	android:theme
		ADDED from Android/Iswtmv102/AndroidManifest.xml:263:17-81
	android:name
		ADDED from Android/Iswtmv102/AndroidManifest.xml:261:17-67
activity#com.icomp.Iswtmv10.v01c01.c01s019.C01S019_001Activity
ADDED from Android/Iswtmv102/AndroidManifest.xml:264:9-267:83
	android:screenOrientation
		ADDED from Android/Iswtmv102/AndroidManifest.xml:266:17-53
	android:theme
		ADDED from Android/Iswtmv102/AndroidManifest.xml:267:17-81
	android:name
		ADDED from Android/Iswtmv102/AndroidManifest.xml:265:17-67
activity#com.icomp.Iswtmv10.v01c01.c01s019.C01S019_002Activity
ADDED from Android/Iswtmv102/AndroidManifest.xml:268:9-271:83
	android:screenOrientation
		ADDED from Android/Iswtmv102/AndroidManifest.xml:270:17-53
	android:theme
		ADDED from Android/Iswtmv102/AndroidManifest.xml:271:17-81
	android:name
		ADDED from Android/Iswtmv102/AndroidManifest.xml:269:17-67
activity#com.icomp.Iswtmv10.v01c01.c01s019.C01S019_003Activity
ADDED from Android/Iswtmv102/AndroidManifest.xml:272:9-275:83
	android:screenOrientation
		ADDED from Android/Iswtmv102/AndroidManifest.xml:274:17-53
	android:theme
		ADDED from Android/Iswtmv102/AndroidManifest.xml:275:17-81
	android:name
		ADDED from Android/Iswtmv102/AndroidManifest.xml:273:17-67
activity#com.icomp.Iswtmv10.v01c01.c01s005.c01s005_002_1Activity
ADDED from Android/Iswtmv102/AndroidManifest.xml:279:9-283:20
	android:screenOrientation
		ADDED from Android/Iswtmv102/AndroidManifest.xml:281:17-53
	android:theme
		ADDED from Android/Iswtmv102/AndroidManifest.xml:282:17-81
	android:name
		ADDED from Android/Iswtmv102/AndroidManifest.xml:280:17-69
activity#com.icomp.Iswtmv10.v01c01.c01s005.c01s005_002_2Activity
ADDED from Android/Iswtmv102/AndroidManifest.xml:285:9-289:20
	android:screenOrientation
		ADDED from Android/Iswtmv102/AndroidManifest.xml:287:17-53
	android:theme
		ADDED from Android/Iswtmv102/AndroidManifest.xml:288:17-81
	android:name
		ADDED from Android/Iswtmv102/AndroidManifest.xml:286:17-69
activity#com.icomp.Iswtmv10.v01c01.c01s005.c01s005_002_3Activity
ADDED from Android/Iswtmv102/AndroidManifest.xml:290:9-294:20
	android:screenOrientation
		ADDED from Android/Iswtmv102/AndroidManifest.xml:292:17-53
	android:theme
		ADDED from Android/Iswtmv102/AndroidManifest.xml:293:17-81
	android:name
		ADDED from Android/Iswtmv102/AndroidManifest.xml:291:17-69
activity#com.icomp.Iswtmv10.v01c01.c01s005.c01s005_002_4Activity
ADDED from Android/Iswtmv102/AndroidManifest.xml:295:9-299:20
	android:screenOrientation
		ADDED from Android/Iswtmv102/AndroidManifest.xml:297:17-53
	android:theme
		ADDED from Android/Iswtmv102/AndroidManifest.xml:298:17-81
	android:name
		ADDED from Android/Iswtmv102/AndroidManifest.xml:296:17-69
activity#com.icomp.Iswtmv10.v01c01.c01s012.C01S012_001Activity
ADDED from Android/Iswtmv102/AndroidManifest.xml:303:9-306:83
	android:screenOrientation
		ADDED from Android/Iswtmv102/AndroidManifest.xml:305:17-53
	android:theme
		ADDED from Android/Iswtmv102/AndroidManifest.xml:306:17-81
	android:name
		ADDED from Android/Iswtmv102/AndroidManifest.xml:304:17-67
activity#com.icomp.Iswtmv10.v01c01.c01s012.C01S012_002Activity
ADDED from Android/Iswtmv102/AndroidManifest.xml:307:9-310:83
	android:screenOrientation
		ADDED from Android/Iswtmv102/AndroidManifest.xml:309:17-53
	android:theme
		ADDED from Android/Iswtmv102/AndroidManifest.xml:310:17-81
	android:name
		ADDED from Android/Iswtmv102/AndroidManifest.xml:308:17-67
activity#com.icomp.Iswtmv10.v01c01.c01s024.C01S024_001Activity
ADDED from Android/Iswtmv102/AndroidManifest.xml:313:9-316:83
	android:screenOrientation
		ADDED from Android/Iswtmv102/AndroidManifest.xml:315:17-53
	android:theme
		ADDED from Android/Iswtmv102/AndroidManifest.xml:316:17-81
	android:name
		ADDED from Android/Iswtmv102/AndroidManifest.xml:314:17-67
activity#com.icomp.Iswtmv10.v01c01.c01s024.C01S024_002Activity
ADDED from Android/Iswtmv102/AndroidManifest.xml:317:9-320:83
	android:screenOrientation
		ADDED from Android/Iswtmv102/AndroidManifest.xml:319:17-53
	android:theme
		ADDED from Android/Iswtmv102/AndroidManifest.xml:320:17-81
	android:name
		ADDED from Android/Iswtmv102/AndroidManifest.xml:318:17-67
activity#com.icomp.Iswtmv10.v01c01.c01s002.c01s002_002Activity
ADDED from Android/Iswtmv102/AndroidManifest.xml:323:9-326:83
	android:screenOrientation
		ADDED from Android/Iswtmv102/AndroidManifest.xml:325:17-53
	android:theme
		ADDED from Android/Iswtmv102/AndroidManifest.xml:326:17-81
	android:name
		ADDED from Android/Iswtmv102/AndroidManifest.xml:324:17-67
activity#com.icomp.Iswtmv10.v01c01.c01s002.c01s002_003Activity
ADDED from Android/Iswtmv102/AndroidManifest.xml:327:9-330:83
	android:screenOrientation
		ADDED from Android/Iswtmv102/AndroidManifest.xml:329:17-53
	android:theme
		ADDED from Android/Iswtmv102/AndroidManifest.xml:330:17-81
	android:name
		ADDED from Android/Iswtmv102/AndroidManifest.xml:328:17-67
activity#com.icomp.Iswtmv10.v01c02.c02s005.C02S005_001Activity
ADDED from Android/Iswtmv102/AndroidManifest.xml:333:9-336:83
	android:screenOrientation
		ADDED from Android/Iswtmv102/AndroidManifest.xml:335:17-53
	android:theme
		ADDED from Android/Iswtmv102/AndroidManifest.xml:336:17-81
	android:name
		ADDED from Android/Iswtmv102/AndroidManifest.xml:334:17-67
activity#com.icomp.Iswtmv10.v01c03.c03s001.C03S001_001Activity
ADDED from Android/Iswtmv102/AndroidManifest.xml:339:9-342:83
	android:screenOrientation
		ADDED from Android/Iswtmv102/AndroidManifest.xml:341:17-53
	android:theme
		ADDED from Android/Iswtmv102/AndroidManifest.xml:342:17-81
	android:name
		ADDED from Android/Iswtmv102/AndroidManifest.xml:340:17-67
activity#com.icomp.Iswtmv10.v01c03.c03s001.C03S001_002Activity
ADDED from Android/Iswtmv102/AndroidManifest.xml:343:9-346:83
	android:screenOrientation
		ADDED from Android/Iswtmv102/AndroidManifest.xml:345:17-53
	android:theme
		ADDED from Android/Iswtmv102/AndroidManifest.xml:346:17-81
	android:name
		ADDED from Android/Iswtmv102/AndroidManifest.xml:344:17-67
activity#com.icomp.Iswtmv10.v01c03.c03s001.C03S001_003Activity
ADDED from Android/Iswtmv102/AndroidManifest.xml:347:9-350:83
	android:screenOrientation
		ADDED from Android/Iswtmv102/AndroidManifest.xml:349:17-53
	android:theme
		ADDED from Android/Iswtmv102/AndroidManifest.xml:350:17-81
	android:name
		ADDED from Android/Iswtmv102/AndroidManifest.xml:348:17-67
activity#com.icomp.Iswtmv10.v01c03.c03s001.C03S001_004Activity
ADDED from Android/Iswtmv102/AndroidManifest.xml:351:9-354:83
	android:screenOrientation
		ADDED from Android/Iswtmv102/AndroidManifest.xml:353:17-53
	android:theme
		ADDED from Android/Iswtmv102/AndroidManifest.xml:354:17-81
	android:name
		ADDED from Android/Iswtmv102/AndroidManifest.xml:352:17-67
activity#com.icomp.Iswtmv10.v01c03.c03s003.C03S003_001Activity
ADDED from Android/Iswtmv102/AndroidManifest.xml:357:9-360:83
	android:screenOrientation
		ADDED from Android/Iswtmv102/AndroidManifest.xml:359:17-53
	android:theme
		ADDED from Android/Iswtmv102/AndroidManifest.xml:360:17-81
	android:name
		ADDED from Android/Iswtmv102/AndroidManifest.xml:358:17-67
activity#com.icomp.Iswtmv10.v01c03.c03s003.C03S003_002Activity
ADDED from Android/Iswtmv102/AndroidManifest.xml:361:9-364:83
	android:screenOrientation
		ADDED from Android/Iswtmv102/AndroidManifest.xml:363:17-53
	android:theme
		ADDED from Android/Iswtmv102/AndroidManifest.xml:364:17-81
	android:name
		ADDED from Android/Iswtmv102/AndroidManifest.xml:362:17-67
activity#com.icomp.Iswtmv10.v01c03.c03s005.C03S005_001Activity
ADDED from Android/Iswtmv102/AndroidManifest.xml:367:9-370:83
	android:screenOrientation
		ADDED from Android/Iswtmv102/AndroidManifest.xml:369:17-53
	android:theme
		ADDED from Android/Iswtmv102/AndroidManifest.xml:370:17-81
	android:name
		ADDED from Android/Iswtmv102/AndroidManifest.xml:368:17-67
activity#com.icomp.Iswtmv10.v01c03.c03s005.C03S005_002Activity
ADDED from Android/Iswtmv102/AndroidManifest.xml:371:9-374:83
	android:screenOrientation
		ADDED from Android/Iswtmv102/AndroidManifest.xml:373:17-53
	android:theme
		ADDED from Android/Iswtmv102/AndroidManifest.xml:374:17-81
	android:name
		ADDED from Android/Iswtmv102/AndroidManifest.xml:372:17-67
activity#com.icomp.Iswtmv10.v01c03.c03s005.C03S005_003Activity
ADDED from Android/Iswtmv102/AndroidManifest.xml:375:9-378:83
	android:screenOrientation
		ADDED from Android/Iswtmv102/AndroidManifest.xml:377:17-53
	android:theme
		ADDED from Android/Iswtmv102/AndroidManifest.xml:378:17-81
	android:name
		ADDED from Android/Iswtmv102/AndroidManifest.xml:376:17-67